<?xml version="1.0" encoding="UTF-8"?>
<!-- Generated by org.testng.reporters.JUnitXMLReporter -->
<testsuite ignored="0" hostname="Rahuls-MBP-2.fritz.box" failures="0" tests="3" name="Default test" time="44.064" errors="0" timestamp="2024-05-27T19:24:28 CEST">
  <testcase classname="simplesurance.tests.CreateSinglePolicyTest" name="createPolicy" time="12.272"/>
  <testcase classname="simplesurance.tests.CreateSinglePolicyTest" name="createPolicy" time="11.852"/>
  <testcase classname="simplesurance.tests.CreateSinglePolicyTest" name="createPolicyError" time="11.466"/>
</testsuite> <!-- Default test -->
