<?xml version="1.0" encoding="UTF-8"?>
<!-- Generated by org.testng.reporters.JUnitXMLReporter -->
<testsuite ignored="0" hostname="Rahuls-MBP-2.fritz.box" failures="0" tests="3" name="Create Single Policy Test" time="44.162" errors="0" timestamp="2024-05-27T19:25:40 CEST">
  <testcase classname="simplesurance.tests.CreateSinglePolicyTest" name="createPolicy" time="12.603"/>
  <testcase classname="simplesurance.tests.CreateSinglePolicyTest" name="createPolicy" time="11.728"/>
  <testcase classname="simplesurance.tests.CreateSinglePolicyTest" name="createPolicyError" time="11.949"/>
</testsuite> <!-- Create Single Policy Test -->
